<?xml version="1.0" encoding="UTF-8"?>
<!-- Generated by org.testng.reporters.JUnitXMLReporter -->
<testsuite ignored="0" hostname="DESKTOP-R4Q93GI" failures="0" tests="5" name="Default test" time="0.192" errors="0" timestamp="2023-06-05T06:01:46 IST">
  <testcase classname="testNG.DriveACar" name="startThecar" time="0.032"/>
  <testcase classname="testNG.DriveACar" name="putFirstGear" time="0.007"/>
  <testcase classname="testNG.DriveACar" name="putSecondGear" time="0.023"/>
  <testcase classname="testNG.DriveACar" name="putThirdGear" time="0.004"/>
  <testcase classname="testNG.DriveACar" name="putFourGear" time="0.007"/>
</testsuite> <!-- Default test -->
