<?xml version="1.0" encoding="UTF-8"?>
<testng-results ignored="1" total="6" passed="5" failed="0" skipped="0">
  <reporter-output>
  </reporter-output>
  <suite started-at="2023-06-05T06:10:14 IST" name="Default suite" finished-at="2023-06-05T06:10:14 IST" duration-ms="182">
    <groups>
    </groups>
    <test started-at="2023-06-05T06:10:14 IST" name="Default test" finished-at="2023-06-05T06:10:14 IST" duration-ms="182">
      <class name="testNG.skipTestCase">
        <test-method signature="startThecar()[pri:0, instance:testNG.skipTestCase@419c5f1a]" started-at="2023-06-05T06:10:14 IST" name="startThecar" finished-at="2023-06-05T06:10:14 IST" duration-ms="33" status="PASS">
          <reporter-output>
          </reporter-output>
        </test-method> <!-- startThecar -->
        <test-method signature="putFirstGear()[pri:1, instance:testNG.skipTestCase@419c5f1a]" started-at="2023-06-05T06:10:14 IST" name="putFirstGear" finished-at="2023-06-05T06:10:14 IST" duration-ms="6" status="PASS">
          <reporter-output>
          </reporter-output>
        </test-method> <!-- putFirstGear -->
        <test-method signature="putSecondGear()[pri:2, instance:testNG.skipTestCase@419c5f1a]" started-at="2023-06-05T06:10:14 IST" name="putSecondGear" finished-at="2023-06-05T06:10:14 IST" duration-ms="16" status="PASS">
          <reporter-output>
          </reporter-output>
        </test-method> <!-- putSecondGear -->
        <test-method signature="putThirdGear()[pri:3, instance:testNG.skipTestCase@419c5f1a]" started-at="2023-06-05T06:10:14 IST" name="putThirdGear" finished-at="2023-06-05T06:10:14 IST" duration-ms="12" status="PASS">
          <reporter-output>
          </reporter-output>
        </test-method> <!-- putThirdGear -->
        <test-method signature="putFourGear()[pri:4, instance:testNG.skipTestCase@419c5f1a]" started-at="2023-06-05T06:10:14 IST" name="putFourGear" finished-at="2023-06-05T06:10:14 IST" duration-ms="7" status="PASS">
          <reporter-output>
          </reporter-output>
        </test-method> <!-- putFourGear -->
      </class> <!-- testNG.skipTestCase -->
    </test> <!-- Default test -->
  </suite> <!-- Default suite -->
</testng-results>
