<?xml version="1.0" encoding="UTF-8"?>
<testng-results ignored="0" total="5" passed="5" failed="0" skipped="0">
  <reporter-output>
  </reporter-output>
  <suite started-at="2023-06-05T06:01:46 IST" name="Default suite" finished-at="2023-06-05T06:01:46 IST" duration-ms="192">
    <groups>
    </groups>
    <test started-at="2023-06-05T06:01:46 IST" name="Default test" finished-at="2023-06-05T06:01:46 IST" duration-ms="192">
      <class name="testNG.DriveACar">
        <test-method signature="startThecar()[pri:0, instance:testNG.DriveACar@56de5251]" started-at="2023-06-05T06:01:46 IST" name="startThecar" finished-at="2023-06-05T06:01:46 IST" duration-ms="32" status="PASS">
          <reporter-output>
          </reporter-output>
        </test-method> <!-- startThecar -->
        <test-method signature="putFirstGear()[pri:1, instance:testNG.DriveACar@56de5251]" started-at="2023-06-05T06:01:46 IST" name="putFirstGear" finished-at="2023-06-05T06:01:46 IST" duration-ms="7" status="PASS">
          <reporter-output>
          </reporter-output>
        </test-method> <!-- putFirstGear -->
        <test-method signature="putSecondGear()[pri:2, instance:testNG.DriveACar@56de5251]" started-at="2023-06-05T06:01:46 IST" name="putSecondGear" finished-at="2023-06-05T06:01:46 IST" duration-ms="23" status="PASS">
          <reporter-output>
          </reporter-output>
        </test-method> <!-- putSecondGear -->
        <test-method signature="putThirdGear()[pri:3, instance:testNG.DriveACar@56de5251]" started-at="2023-06-05T06:01:46 IST" name="putThirdGear" finished-at="2023-06-05T06:01:46 IST" duration-ms="4" status="PASS">
          <reporter-output>
          </reporter-output>
        </test-method> <!-- putThirdGear -->
        <test-method signature="putFourGear()[pri:4, instance:testNG.DriveACar@56de5251]" started-at="2023-06-05T06:01:46 IST" name="putFourGear" finished-at="2023-06-05T06:01:46 IST" duration-ms="7" status="PASS">
          <reporter-output>
          </reporter-output>
        </test-method> <!-- putFourGear -->
      </class> <!-- testNG.DriveACar -->
    </test> <!-- Default test -->
  </suite> <!-- Default suite -->
</testng-results>
